<?xml version="1.0" encoding="UTF-8"?>
<testsuite name="com.infinera.metro.dnam.acceptance.test.UseXtmRestClientExample" tests="1" skipped="0" failures="1" errors="0" timestamp="2017-05-12T08:51:06" hostname="gentoo-pabe2.infinera.com" time="0.526">
  <properties/>
  <testcase name="test" classname="com.infinera.metro.dnam.acceptance.test.UseXtmRestClientExample" time="0.526">
    <failure message="java.lang.RuntimeException: Error: Can not create board since the slot is occupied. / Failed to create one or more entries. (Error code: -41)" type="java.lang.RuntimeException">java.lang.RuntimeException: Error: Can not create board since the slot is occupied. / Failed to create one or more entries. (Error code: -41)
	at com.infinera.metro.dnam.acceptance.test.node.AnswerObjects.checkResponse(AnswerObjects.java:33)
	at com.infinera.metro.dnam.acceptance.test.node.NodeRestClient.performRestAction(NodeRestClient.java:44)
	at com.infinera.metro.dnam.acceptance.test.node.NodeRestClient.performRestAction(NodeRestClient.java:29)
	at com.infinera.metro.dnam.acceptance.test.node.NodeImpl.createBoard(NodeImpl.java:29)
	at com.infinera.metro.dnam.acceptance.test.node.configuration.NodeConfiguration.apply(NodeConfiguration.java:20)
	at com.infinera.metro.dnam.acceptance.test.UseXtmRestClientExample.test(UseXtmRestClientExample.java:36)
	at sun.reflect.NativeMethodAccessorImpl.invoke0(Native Method)
	at sun.reflect.NativeMethodAccessorImpl.invoke(NativeMethodAccessorImpl.java:62)
	at sun.reflect.DelegatingMethodAccessorImpl.invoke(DelegatingMethodAccessorImpl.java:43)
	at java.lang.reflect.Method.invoke(Method.java:498)
	at org.junit.runners.model.FrameworkMethod$1.runReflectiveCall(FrameworkMethod.java:50)
	at org.junit.internal.runners.model.ReflectiveCallable.run(ReflectiveCallable.java:12)
	at org.junit.runners.model.FrameworkMethod.invokeExplosively(FrameworkMethod.java:47)
	at org.junit.internal.runners.statements.InvokeMethod.evaluate(InvokeMethod.java:17)
	at org.junit.runners.ParentRunner.runLeaf(ParentRunner.java:325)
	at org.junit.runners.BlockJUnit4ClassRunner.runChild(BlockJUnit4ClassRunner.java:78)
	at org.junit.runners.BlockJUnit4ClassRunner.runChild(BlockJUnit4ClassRunner.java:57)
	at org.junit.runners.ParentRunner$3.run(ParentRunner.java:290)
	at org.junit.runners.ParentRunner$1.schedule(ParentRunner.java:71)
	at org.junit.runners.ParentRunner.runChildren(ParentRunner.java:288)
	at org.junit.runners.ParentRunner.access$000(ParentRunner.java:58)
	at org.junit.runners.ParentRunner$2.evaluate(ParentRunner.java:268)
	at org.junit.runners.ParentRunner.run(ParentRunner.java:363)
	at org.gradle.api.internal.tasks.testing.junit.JUnitTestClassExecuter.runTestClass(JUnitTestClassExecuter.java:114)
	at org.gradle.api.internal.tasks.testing.junit.JUnitTestClassExecuter.execute(JUnitTestClassExecuter.java:57)
	at org.gradle.api.internal.tasks.testing.junit.JUnitTestClassProcessor.processTestClass(JUnitTestClassProcessor.java:66)
	at org.gradle.api.internal.tasks.testing.SuiteTestClassProcessor.processTestClass(SuiteTestClassProcessor.java:51)
	at sun.reflect.NativeMethodAccessorImpl.invoke0(Native Method)
	at sun.reflect.NativeMethodAccessorImpl.invoke(NativeMethodAccessorImpl.java:62)
	at sun.reflect.DelegatingMethodAccessorImpl.invoke(DelegatingMethodAccessorImpl.java:43)
	at java.lang.reflect.Method.invoke(Method.java:498)
	at org.gradle.internal.dispatch.ReflectionDispatch.dispatch(ReflectionDispatch.java:35)
	at org.gradle.internal.dispatch.ReflectionDispatch.dispatch(ReflectionDispatch.java:24)
	at org.gradle.internal.dispatch.ContextClassLoaderDispatch.dispatch(ContextClassLoaderDispatch.java:32)
	at org.gradle.internal.dispatch.ProxyDispatchAdapter$DispatchingInvocationHandler.invoke(ProxyDispatchAdapter.java:93)
	at com.sun.proxy.$Proxy2.processTestClass(Unknown Source)
	at org.gradle.api.internal.tasks.testing.worker.TestWorker.processTestClass(TestWorker.java:109)
	at sun.reflect.NativeMethodAccessorImpl.invoke0(Native Method)
	at sun.reflect.NativeMethodAccessorImpl.invoke(NativeMethodAccessorImpl.java:62)
	at sun.reflect.DelegatingMethodAccessorImpl.invoke(DelegatingMethodAccessorImpl.java:43)
	at java.lang.reflect.Method.invoke(Method.java:498)
	at org.gradle.internal.dispatch.ReflectionDispatch.dispatch(ReflectionDispatch.java:35)
	at org.gradle.internal.dispatch.ReflectionDispatch.dispatch(ReflectionDispatch.java:24)
	at org.gradle.internal.remote.internal.hub.MessageHubBackedObjectConnection$DispatchWrapper.dispatch(MessageHubBackedObjectConnection.java:147)
	at org.gradle.internal.remote.internal.hub.MessageHubBackedObjectConnection$DispatchWrapper.dispatch(MessageHubBackedObjectConnection.java:129)
	at org.gradle.internal.remote.internal.hub.MessageHub$Handler.run(MessageHub.java:404)
	at org.gradle.internal.concurrent.ExecutorPolicy$CatchAndRecordFailures.onExecute(ExecutorPolicy.java:63)
	at org.gradle.internal.concurrent.StoppableExecutorImpl$1.run(StoppableExecutorImpl.java:46)
	at java.util.concurrent.ThreadPoolExecutor.runWorker(ThreadPoolExecutor.java:1142)
	at java.util.concurrent.ThreadPoolExecutor$Worker.run(ThreadPoolExecutor.java:617)
	at java.lang.Thread.run(Thread.java:745)
</failure>
  </testcase>
  <system-out><![CDATA[]]></system-out>
  <system-err><![CDATA[[Test worker] INFO com.infinera.metro.dnam.acceptance.test.node.NodeConnection - Performing http GET with url http://172.17.0.2:80/getLogin.asp?userName=root&password=root&oneTimeLogin=false
[Test worker] INFO com.infinera.metro.dnam.acceptance.test.node.NodeConnection - loginResponse <200 OK,<form action="" name="sessionForm" method="post">
  <p>
  <input type="hidden" name="neUserNodeName" value="" />
  <input type="hidden" name="sessionId" value="420336500" />
  <input type="hidden" name="rcText" value='OK' />
  <input type="hidden" name="rcText2" value='' />
  <input type="hidden" name="inactivityTimeout" value="3600" />
  <input type="hidden" name="culess" value="false" />
  <input type="hidden" name="oldCu" value="false" />
  <input type="hidden" name="user" value='root' />
  <input type="hidden" name="profile" value='administrator' />
  </p>
</form>

,{Cache-Control=[no-store, no-cache, must-revalidate, post-check=0, pre-check=0, max-age=0], Expires=[Fri, 12 May 2017 08:51:06 GMT], Content-Type=[text/html; charset=ISO-8859-1], Transfer-Encoding=[chunked], Date=[Fri, 12 May 2017 08:51:06 GMT], Server=[lighttpd/1.4.35]}>
[Test worker] INFO com.infinera.metro.dnam.acceptance.test.node.NodeConnection - Performing http GET with url http://172.17.0.2:80/mib/eq/board/tpd10gbe:1:2/create.json?_RFLAGS_=RAISEMGNOQPCYVULTBJK&_AFLAGS_=AVNDHPUIMJOSE&
[Test worker] INFO com.infinera.metro.dnam.acceptance.test.node.NodeRestClient - [{
		"R":	"RAISEMGNOQPCYVULTBJK",
		"A":	"AVNDHPUIMJOSE",
		"I":	0,
		"S":	false,
		"B":	false,
		"E":	"Can not create board since the slot is occupied. / Failed to create one or more entries. (Error code: -41)",
		"M":	"eq",
		"G":	"board",
		"O":	"error",
		"Q":	"_RFLAGS_=RAISEMGNOQPCYVULTBJK&_AFLAGS_=AVNDHPUIMJOSE",
		"T":	[{
				"N":	"tpd10gbe:1:2",
				"P":	0,
				"I":	0,
				"R":	-41,
				"M":	0,
				"J":	0,
				"O":	0
			}]
	}]
]]></system-err>
</testsuite>
